Base path: '/home/ameya/Unity/Hub/Editor/2019.3.0b6/Editor/Data', plugins path '/home/ameya/Unity/Hub/Editor/2019.3.0b6/Editor/Data/PlaybackEngines'
Cmd: initializeCompiler
Cmd: compileComputeKernel
  api=15 insize=12270 outsize=4480 ok=1
Cmd: compileComputeKernel
  api=18 insize=12270 outsize=7005 ok=1
Cmd: compileComputeKernel
  api=15 insize=4482 outsize=4909 ok=1
Cmd: compileComputeKernel
  api=18 insize=4482 outsize=7251 ok=1
Cmd: compileComputeKernel
  api=15 insize=27408 outsize=3589 ok=1
Cmd: compileComputeKernel
  api=15 insize=27408 outsize=3522 ok=1
Cmd: compileComputeKernel
  api=15 insize=27408 outsize=3192 ok=1
Cmd: compileComputeKernel
  api=15 insize=27408 outsize=4277 ok=1
Cmd: compileComputeKernel
  api=15 insize=27408 outsize=3180 ok=1
Cmd: compileComputeKernel
  api=18 insize=27408 outsize=6484 ok=1
Cmd: compileComputeKernel
  api=18 insize=27408 outsize=6882 ok=1
Cmd: compileComputeKernel
  api=18 insize=27408 outsize=5574 ok=1
Cmd: compileComputeKernel
  api=18 insize=27408 outsize=7719 ok=1
Cmd: compileComputeKernel
  api=18 insize=27408 outsize=5855 ok=1
Cmd: compileComputeKernel
  error: 1 plat 18 at Tensor.cginc(142): use of potentially uninitialized variable (ReadonlyTensor::SafeGet)
  api=18 insize=64076 outsize=41046 ok=1
Cmd: compileComputeKernel
  api=15 insize=20360 outsize=2014 ok=1
Cmd: compileComputeKernel
  api=15 insize=20360 outsize=2133 ok=1
Cmd: compileComputeKernel
  api=15 insize=20360 outsize=3001 ok=1
Cmd: compileComputeKernel
  api=15 insize=20360 outsize=3152 ok=1
Cmd: compileComputeKernel
  api=15 insize=20360 outsize=3053 ok=1
Cmd: compileComputeKernel
  api=15 insize=20360 outsize=3026 ok=1
Cmd: compileComputeKernel
  api=18 insize=20360 outsize=2865 ok=1
Cmd: compileComputeKernel
  api=18 insize=20360 outsize=3187 ok=1
Cmd: compileComputeKernel
  api=18 insize=20360 outsize=3071 ok=1
Cmd: compileComputeKernel
  api=18 insize=20360 outsize=5315 ok=1
Cmd: compileComputeKernel
  api=18 insize=20360 outsize=5401 ok=1
Cmd: compileComputeKernel
  api=18 insize=20360 outsize=5257 ok=1
Cmd: compileComputeKernel
  api=18 insize=20360 outsize=6260 ok=1
Cmd: compileComputeKernel
  api=15 insize=23621 outsize=9103 ok=1
Cmd: compileComputeKernel
  api=18 insize=23621 outsize=10671 ok=1
Cmd: compileComputeKernel
  api=18 insize=23621 outsize=38177 ok=1
Cmd: compileSnippet
  api=15 type=0 insize=11846 outsize=13320 kw=SHADOWS_SPLIT_SPHERES pd=UNITY_ENABLE_REFLECTION_BUFFERS UNITY_USE_DITHER_MASK_FOR_ALPHABLENDED_SHADOWS UNITY_PBS_USE_BRDF1 UNITY_SPECCUBE_BOX_PROJECTION UNITY_SPECCUBE_BLENDING UNITY_ENABLE_DETAIL_NORMALMAP SHADER_API_DESKTOP UNITY_COLORSPACE_GAMMA UNITY_LIGHT_PROBE_PROXY_VOLUME UNITY_LIGHTMAP_FULL_HDR ok=1

Quitting shader compiler process
