Base path: '/home/ameya/Unity/Hub/Editor/2019.3.0b6/Editor/Data', plugins path '/home/ameya/Unity/Hub/Editor/2019.3.0b6/Editor/Data/PlaybackEngines'
Cmd: initializeCompiler
Cmd: compileComputeKernel
  api=15 insize=12270 outsize=3672 ok=1
Cmd: compileComputeKernel
  api=15 insize=12270 outsize=3084 ok=1
Cmd: compileComputeKernel
  api=18 insize=12270 outsize=6400 ok=1
Cmd: compileComputeKernel
  api=18 insize=12270 outsize=4874 ok=1
Cmd: compileComputeKernel
  api=18 insize=4482 outsize=7243 ok=1
Cmd: compileComputeKernel
  api=15 insize=27408 outsize=3757 ok=1
Cmd: compileComputeKernel
  api=15 insize=27408 outsize=3259 ok=1
Cmd: compileComputeKernel
  api=15 insize=27408 outsize=3335 ok=1
Cmd: compileComputeKernel
  api=15 insize=27408 outsize=3104 ok=1
Cmd: compileComputeKernel
  api=15 insize=27408 outsize=3195 ok=1
Cmd: compileComputeKernel
  error: 1 plat 18 at Tensor.cginc(128): use of potentially uninitialized variable (ReadonlyTensor::SafeGet)
  api=18 insize=27408 outsize=11934 ok=1
Cmd: compileComputeKernel
  api=18 insize=27408 outsize=5804 ok=1
Cmd: compileComputeKernel
  api=18 insize=27408 outsize=5706 ok=1
Cmd: compileComputeKernel
  api=18 insize=27408 outsize=7146 ok=1
Cmd: compileComputeKernel
  api=18 insize=27408 outsize=7727 ok=1
Cmd: compileComputeKernel
  api=18 insize=2952 outsize=406 ok=1
Cmd: compileComputeKernel
  api=18 insize=64076 outsize=11533 ok=1
Cmd: compileComputeKernel
  api=18 insize=64076 outsize=34581 ok=1
Cmd: compileComputeKernel
  api=15 insize=20360 outsize=2058 ok=1
Cmd: compileComputeKernel
  api=15 insize=20360 outsize=2125 ok=1
Cmd: compileComputeKernel
  api=15 insize=20360 outsize=2606 ok=1
Cmd: compileComputeKernel
  api=15 insize=20360 outsize=3273 ok=1
Cmd: compileComputeKernel
  api=15 insize=20360 outsize=3095 ok=1
Cmd: compileComputeKernel
  api=15 insize=20360 outsize=3072 ok=1
Cmd: compileComputeKernel
  api=15 insize=20360 outsize=3524 ok=1
Cmd: compileComputeKernel
  api=18 insize=20360 outsize=3233 ok=1
Cmd: compileComputeKernel
  api=18 insize=20360 outsize=3071 ok=1
Cmd: compileComputeKernel
  api=18 insize=20360 outsize=5287 ok=1
Cmd: compileComputeKernel
  api=18 insize=20360 outsize=5447 ok=1
Cmd: compileComputeKernel
  api=18 insize=20360 outsize=5397 ok=1
Cmd: compileComputeKernel
  api=18 insize=20360 outsize=6859 ok=1
Cmd: compileComputeKernel
  api=15 insize=23621 outsize=25330 ok=1
Cmd: compileSnippet
  api=15 type=1 insize=11846 outsize=0 kw=SHADOWS_SPLIT_SPHERES pd=UNITY_ENABLE_REFLECTION_BUFFERS UNITY_USE_DITHER_MASK_FOR_ALPHABLENDED_SHADOWS UNITY_PBS_USE_BRDF1 UNITY_SPECCUBE_BOX_PROJECTION UNITY_SPECCUBE_BLENDING UNITY_ENABLE_DETAIL_NORMALMAP SHADER_API_DESKTOP UNITY_COLORSPACE_GAMMA UNITY_LIGHT_PROBE_PROXY_VOLUME UNITY_LIGHTMAP_FULL_HDR ok=1

Quitting shader compiler process
