Base path: '/home/ameya/Unity/Hub/Editor/2019.3.0b6/Editor/Data', plugins path '/home/ameya/Unity/Hub/Editor/2019.3.0b6/Editor/Data/PlaybackEngines'
Cmd: initializeCompiler
Cmd: compileComputeKernel
  api=15 insize=12270 outsize=3620 ok=1
Cmd: compileComputeKernel
  api=15 insize=12270 outsize=3383 ok=1
Cmd: compileComputeKernel
  api=18 insize=12270 outsize=6471 ok=1
Cmd: compileComputeKernel
  api=18 insize=12270 outsize=7858 ok=1
Cmd: compileComputeKernel
  api=18 insize=12270 outsize=5705 ok=1
Cmd: compileComputeKernel
  api=15 insize=4482 outsize=4148 ok=1
Cmd: compileComputeKernel
  api=18 insize=4482 outsize=7259 ok=1
Cmd: compileComputeKernel
  api=15 insize=27408 outsize=6787 ok=1
Cmd: compileComputeKernel
  api=15 insize=27408 outsize=3772 ok=1
Cmd: compileComputeKernel
  api=15 insize=27408 outsize=3325 ok=1
Cmd: compileComputeKernel
  api=15 insize=27408 outsize=4280 ok=1
Cmd: compileComputeKernel
  api=15 insize=27408 outsize=3295 ok=1
Cmd: compileComputeKernel
  error: 1 plat 18 at Tensor.cginc(128): use of potentially uninitialized variable (ReadonlyTensor::SafeGet)
  api=18 insize=27408 outsize=10899 ok=1
Cmd: compileComputeKernel
  api=18 insize=27408 outsize=6387 ok=1
Cmd: compileComputeKernel
  api=18 insize=27408 outsize=5684 ok=1
Cmd: compileComputeKernel
  api=18 insize=27408 outsize=7719 ok=1
Cmd: compileComputeKernel
  api=18 insize=27408 outsize=5619 ok=1
Cmd: compileComputeKernel
  error: 1 plat 15 at Tensor.cginc(142): use of potentially uninitialized variable (ReadonlyTensor::SafeGet)
  api=15 insize=64076 outsize=25220 ok=1
Cmd: compileComputeKernel
  api=15 insize=20360 outsize=2135 ok=1
Cmd: compileComputeKernel
  api=15 insize=20360 outsize=2110 ok=1
Cmd: compileComputeKernel
  api=15 insize=20360 outsize=3028 ok=1
Cmd: compileComputeKernel
  api=15 insize=20360 outsize=3219 ok=1
Cmd: compileComputeKernel
  api=15 insize=20360 outsize=3209 ok=1
Cmd: compileComputeKernel
  api=15 insize=20360 outsize=3025 ok=1
Cmd: compileComputeKernel
  api=18 insize=20360 outsize=3108 ok=1
Cmd: compileComputeKernel
  api=18 insize=20360 outsize=2944 ok=1
Cmd: compileComputeKernel
  api=18 insize=20360 outsize=2828 ok=1
Cmd: compileComputeKernel
  api=18 insize=20360 outsize=5114 ok=1
Cmd: compileComputeKernel
  api=18 insize=20360 outsize=5200 ok=1
Cmd: compileComputeKernel
  api=18 insize=20360 outsize=5425 ok=1
Cmd: compileComputeKernel
  api=18 insize=20360 outsize=6686 ok=1
Cmd: compileComputeKernel
  api=15 insize=23621 outsize=18127 ok=1
Cmd: compileComputeKernel
  api=18 insize=23621 outsize=16840 ok=1
Cmd: compileComputeKernel
  error: 1 plat 18 at Tensor.cginc(128): use of potentially uninitialized variable (ReadonlyTensor::SafeGet)
  error: 1 plat 18 at Tensor.cginc(295): use of potentially uninitialized variable (SharedTensor::SafeGet)
  api=18 insize=23621 outsize=26308 ok=1
Cmd: compileSnippet
  api=15 type=1 insize=1602 outsize=0 kw=UNITY_PASS_FORWARDBASE DIRECTIONAL SHADOWS_SCREEN LIGHTPROBE_SH pd=UNITY_ENABLE_REFLECTION_BUFFERS UNITY_USE_DITHER_MASK_FOR_ALPHABLENDED_SHADOWS UNITY_PBS_USE_BRDF1 UNITY_SPECCUBE_BOX_PROJECTION UNITY_SPECCUBE_BLENDING UNITY_ENABLE_DETAIL_NORMALMAP SHADER_API_DESKTOP UNITY_COLORSPACE_GAMMA UNITY_LIGHT_PROBE_PROXY_VOLUME UNITY_LIGHTMAP_FULL_HDR ok=1

Quitting shader compiler process
